2019-11-23 23:50:53.081  INFO 19824 --- [main] com.tianzhao.search.SearchApplication    : No active profile set, falling back to default profiles: default
2019-11-23 23:50:53.843  INFO 19824 --- [main] .s.d.r.c.RepositoryConfigurationDelegate : Bootstrapping Spring Data repositories in DEFAULT mode.
2019-11-23 23:50:53.944  INFO 19824 --- [main] .s.d.r.c.RepositoryConfigurationDelegate : Finished Spring Data repository scanning in 96ms. Found 5 repository interfaces.
2019-11-23 23:50:54.205  INFO 19824 --- [main] o.s.cloud.context.scope.GenericScope     : BeanFactory id=9362c87b-1693-3210-bed5-b55fa97e3fa6
2019-11-23 23:50:54.278  INFO 19824 --- [main] trationDelegate$BeanPostProcessorChecker : Bean 'org.springframework.transaction.annotation.ProxyTransactionManagementConfiguration' of type [org.springframework.transaction.annotation.ProxyTransactionManagementConfiguration$$EnhancerBySpringCGLIB$$fb8822d7] is not eligible for getting processed by all BeanPostProcessors (for example: not eligible for auto-proxying)
2019-11-23 23:50:54.302  INFO 19824 --- [main] trationDelegate$BeanPostProcessorChecker : Bean 'org.springframework.cloud.autoconfigure.ConfigurationPropertiesRebinderAutoConfiguration' of type [org.springframework.cloud.autoconfigure.ConfigurationPropertiesRebinderAutoConfiguration$$EnhancerBySpringCGLIB$$17a225d4] is not eligible for getting processed by all BeanPostProcessors (for example: not eligible for auto-proxying)
2019-11-23 23:50:54.644  INFO 19824 --- [main] o.s.b.w.embedded.tomcat.TomcatWebServer  : Tomcat initialized with port(s): 8081 (http)
2019-11-23 23:50:54.666  INFO 19824 --- [main] o.apache.catalina.core.StandardService   : Starting service [Tomcat]
2019-11-23 23:50:54.666  INFO 19824 --- [main] org.apache.catalina.core.StandardEngine  : Starting Servlet engine: [Apache Tomcat/9.0.22]
2019-11-23 23:50:54.875  INFO 19824 --- [main] o.a.c.c.C.[Tomcat].[localhost].[/]       : Initializing Spring embedded WebApplicationContext
2019-11-23 23:50:54.875  INFO 19824 --- [main] o.s.web.context.ContextLoader            : Root WebApplicationContext: initialization completed in 1775 ms
2019-11-23 23:50:55.404  INFO 19824 --- [main] o.elasticsearch.plugins.PluginsService   : no modules loaded
2019-11-23 23:50:55.405  INFO 19824 --- [main] o.elasticsearch.plugins.PluginsService   : loaded plugin [org.elasticsearch.index.reindex.ReindexPlugin]
2019-11-23 23:50:55.405  INFO 19824 --- [main] o.elasticsearch.plugins.PluginsService   : loaded plugin [org.elasticsearch.join.ParentJoinPlugin]
2019-11-23 23:50:55.405  INFO 19824 --- [main] o.elasticsearch.plugins.PluginsService   : loaded plugin [org.elasticsearch.percolator.PercolatorPlugin]
2019-11-23 23:50:55.405  INFO 19824 --- [main] o.elasticsearch.plugins.PluginsService   : loaded plugin [org.elasticsearch.script.mustache.MustachePlugin]
2019-11-23 23:50:55.405  INFO 19824 --- [main] o.elasticsearch.plugins.PluginsService   : loaded plugin [org.elasticsearch.transport.Netty4Plugin]
2019-11-23 23:50:56.677  INFO 19824 --- [main] o.s.d.e.c.TransportClientFactoryBean     : Adding transport node : 172.26.123.11:9300
2019-11-23 23:51:05.164  INFO 15608 --- [main] com.tianzhao.search.SearchApplication    : No active profile set, falling back to default profiles: default
2019-11-23 23:51:05.870  INFO 15608 --- [main] .s.d.r.c.RepositoryConfigurationDelegate : Bootstrapping Spring Data repositories in DEFAULT mode.
2019-11-23 23:51:05.968  INFO 15608 --- [main] .s.d.r.c.RepositoryConfigurationDelegate : Finished Spring Data repository scanning in 93ms. Found 5 repository interfaces.
2019-11-23 23:51:06.240  INFO 15608 --- [main] o.s.cloud.context.scope.GenericScope     : BeanFactory id=9362c87b-1693-3210-bed5-b55fa97e3fa6
2019-11-23 23:51:06.326  INFO 15608 --- [main] trationDelegate$BeanPostProcessorChecker : Bean 'org.springframework.transaction.annotation.ProxyTransactionManagementConfiguration' of type [org.springframework.transaction.annotation.ProxyTransactionManagementConfiguration$$EnhancerBySpringCGLIB$$e3d23f2c] is not eligible for getting processed by all BeanPostProcessors (for example: not eligible for auto-proxying)
2019-11-23 23:51:06.347  INFO 15608 --- [main] trationDelegate$BeanPostProcessorChecker : Bean 'org.springframework.cloud.autoconfigure.ConfigurationPropertiesRebinderAutoConfiguration' of type [org.springframework.cloud.autoconfigure.ConfigurationPropertiesRebinderAutoConfiguration$$EnhancerBySpringCGLIB$$ffec4229] is not eligible for getting processed by all BeanPostProcessors (for example: not eligible for auto-proxying)
2019-11-23 23:51:06.655  INFO 15608 --- [main] o.s.b.w.embedded.tomcat.TomcatWebServer  : Tomcat initialized with port(s): 8081 (http)
2019-11-23 23:51:06.676  INFO 15608 --- [main] o.apache.catalina.core.StandardService   : Starting service [Tomcat]
2019-11-23 23:51:06.677  INFO 15608 --- [main] org.apache.catalina.core.StandardEngine  : Starting Servlet engine: [Apache Tomcat/9.0.22]
2019-11-23 23:51:06.889  INFO 15608 --- [main] o.a.c.c.C.[Tomcat].[localhost].[/]       : Initializing Spring embedded WebApplicationContext
2019-11-23 23:51:06.889  INFO 15608 --- [main] o.s.web.context.ContextLoader            : Root WebApplicationContext: initialization completed in 1710 ms
2019-11-23 23:51:07.443  INFO 15608 --- [main] o.elasticsearch.plugins.PluginsService   : no modules loaded
2019-11-23 23:51:07.444  INFO 15608 --- [main] o.elasticsearch.plugins.PluginsService   : loaded plugin [org.elasticsearch.index.reindex.ReindexPlugin]
2019-11-23 23:51:07.444  INFO 15608 --- [main] o.elasticsearch.plugins.PluginsService   : loaded plugin [org.elasticsearch.join.ParentJoinPlugin]
2019-11-23 23:51:07.444  INFO 15608 --- [main] o.elasticsearch.plugins.PluginsService   : loaded plugin [org.elasticsearch.percolator.PercolatorPlugin]
2019-11-23 23:51:07.444  INFO 15608 --- [main] o.elasticsearch.plugins.PluginsService   : loaded plugin [org.elasticsearch.script.mustache.MustachePlugin]
2019-11-23 23:51:07.444  INFO 15608 --- [main] o.elasticsearch.plugins.PluginsService   : loaded plugin [org.elasticsearch.transport.Netty4Plugin]
2019-11-23 23:51:08.658  INFO 15608 --- [main] o.s.d.e.c.TransportClientFactoryBean     : Adding transport node : 172.26.123.11:9300
2019-11-23 23:51:11.495  WARN 15608 --- [main] c.n.c.sources.URLConfigurationSource     : No URLs will be polled as dynamic configuration sources.
2019-11-23 23:51:11.495  INFO 15608 --- [main] c.n.c.sources.URLConfigurationSource     : To enable URLs as dynamic configuration sources, define System property archaius.configurationSource.additionalUrls or make config.properties available on classpath.
2019-11-23 23:51:11.501  WARN 15608 --- [main] c.n.c.sources.URLConfigurationSource     : No URLs will be polled as dynamic configuration sources.
2019-11-23 23:51:11.501  INFO 15608 --- [main] c.n.c.sources.URLConfigurationSource     : To enable URLs as dynamic configuration sources, define System property archaius.configurationSource.additionalUrls or make config.properties available on classpath.
2019-11-23 23:51:11.775  INFO 15608 --- [main] o.s.s.concurrent.ThreadPoolTaskExecutor  : Initializing ExecutorService 'applicationTaskExecutor'
2019-11-23 23:51:12.392  INFO 15608 --- [main] o.s.s.c.ThreadPoolTaskScheduler          : Initializing ExecutorService
2019-11-23 23:51:12.501  INFO 15608 --- [main] uration$$EnhancerBySpringCGLIB$$de501c9b : >>>>>>>>> tzprj SecurityConfiguration init 
2019-11-23 23:51:12.502  INFO 15608 --- [main] uration$$EnhancerBySpringCGLIB$$de501c9b : com.tzkj.commons.security.jwt.JWTProperties@4f2d8175
2019-11-23 23:51:12.530  INFO 15608 --- [main] .s.s.UserDetailsServiceAutoConfiguration : 

Using generated security password: 768e5015-da7a-4007-9cf8-15df4f92ac5b

2019-11-23 23:51:12.590  INFO 15608 --- [main] o.s.s.web.DefaultSecurityFilterChain     : Creating filter chain: Ant [pattern='/**', OPTIONS], []
2019-11-23 23:51:12.648  INFO 15608 --- [main] o.s.s.web.DefaultSecurityFilterChain     : Creating filter chain: any request, [org.springframework.security.web.context.request.async.WebAsyncManagerIntegrationFilter@343727b5, org.springframework.security.web.context.SecurityContextPersistenceFilter@3be50b2c, org.springframework.security.web.header.HeaderWriterFilter@4b2acb12, org.springframework.security.web.authentication.logout.LogoutFilter@7c871ce4, com.tzkj.commons.security.jwt.JWTFilter@18dafd3b, org.springframework.security.web.savedrequest.RequestCacheAwareFilter@20a4cba7, org.springframework.security.web.servletapi.SecurityContextHolderAwareRequestFilter@4b475742, org.springframework.security.web.authentication.AnonymousAuthenticationFilter@2954c429, org.springframework.security.web.session.SessionManagementFilter@383e6734, org.springframework.security.web.access.ExceptionTranslationFilter@33bfe6d3, org.springframework.security.web.access.intercept.FilterSecurityInterceptor@ea84346]
2019-11-23 23:51:13.105  INFO 15608 --- [main] o.s.s.c.ThreadPoolTaskScheduler          : Initializing ExecutorService 'taskScheduler'
2019-11-23 23:51:13.763 DEBUG 15608 --- [scheduling-1] o.s.jdbc.core.JdbcTemplate               : Executing prepared SQL query
2019-11-23 23:51:13.764 DEBUG 15608 --- [scheduling-1] o.s.jdbc.core.JdbcTemplate               : Executing prepared SQL statement [select * from T_LOAD_DATA_LOG where LOAD_RESOURCE = ? and LOAD_RESULT = 1 order by LOAD_TIME desc limit 0,1]
2019-11-23 23:51:13.775  INFO 15608 --- [main] o.s.b.w.embedded.tomcat.TomcatWebServer  : Tomcat started on port(s): 8081 (http) with context path ''
2019-11-23 23:51:13.790 ERROR 15608 --- [scheduling-1] com.alibaba.druid.pool.DruidDataSource   : testWhileIdle is true, validationQuery not set
2019-11-23 23:51:13.800  INFO 15608 --- [scheduling-1] com.alibaba.druid.pool.DruidDataSource   : {dataSource-1} inited
2019-11-23 23:51:14.202  INFO 15608 --- [main] c.a.c.n.registry.NacosServiceRegistry    : nacos registry, search 10.10.100.100:8081 register finished
2019-11-23 23:51:14.207  INFO 15608 --- [main] com.tianzhao.search.SearchApplication    : Started SearchApplication in 11.176 seconds (JVM running for 12.753)
2019-11-23 23:51:14.656  INFO 15608 --- [scheduling-1] com.tianzhao.search.task.LoadDataTask    : 同步时间：2019-11-23 23:51:14:  【知识库数据同步成功！】
2019-11-23 23:51:14.657 DEBUG 15608 --- [scheduling-1] o.s.jdbc.core.JdbcTemplate               : Executing prepared SQL update
2019-11-23 23:51:14.657 DEBUG 15608 --- [scheduling-1] o.s.jdbc.core.JdbcTemplate               : Executing prepared SQL statement [insert into T_LOAD_DATA_LOG(ID, LOAD_RESOURCE, DATA_COUNT, LOAD_TIME, LOAD_RESULT) value(?, ?, ?, ?, ?)]
2019-11-23 23:51:14.753 ERROR 15608 --- [scheduling-1] o.s.s.s.TaskUtils$LoggingErrorHandler    : Unexpected error occurred in scheduled task.

org.springframework.jdbc.BadSqlGrammarException: PreparedStatementCallback; bad SQL grammar [insert into T_LOAD_DATA_LOG(ID, LOAD_RESOURCE, DATA_COUNT, LOAD_TIME, LOAD_RESULT) value(?, ?, ?, ?, ?)]; nested exception is java.sql.SQLException: 第 1 行, 第 158 列[value]附近出现错误: 
语法分析出错
	at org.springframework.jdbc.support.SQLStateSQLExceptionTranslator.doTranslate(SQLStateSQLExceptionTranslator.java:101) ~[spring-jdbc-5.1.9.RELEASE.jar:5.1.9.RELEASE]
	at org.springframework.jdbc.support.AbstractFallbackSQLExceptionTranslator.translate(AbstractFallbackSQLExceptionTranslator.java:72) ~[spring-jdbc-5.1.9.RELEASE.jar:5.1.9.RELEASE]
	at org.springframework.jdbc.support.AbstractFallbackSQLExceptionTranslator.translate(AbstractFallbackSQLExceptionTranslator.java:81) ~[spring-jdbc-5.1.9.RELEASE.jar:5.1.9.RELEASE]
	at org.springframework.jdbc.support.AbstractFallbackSQLExceptionTranslator.translate(AbstractFallbackSQLExceptionTranslator.java:81) ~[spring-jdbc-5.1.9.RELEASE.jar:5.1.9.RELEASE]
	at org.springframework.jdbc.core.JdbcTemplate.translateException(JdbcTemplate.java:1442) ~[spring-jdbc-5.1.9.RELEASE.jar:5.1.9.RELEASE]
	at org.springframework.jdbc.core.JdbcTemplate.execute(JdbcTemplate.java:632) ~[spring-jdbc-5.1.9.RELEASE.jar:5.1.9.RELEASE]
	at org.springframework.jdbc.core.JdbcTemplate.update(JdbcTemplate.java:861) ~[spring-jdbc-5.1.9.RELEASE.jar:5.1.9.RELEASE]
	at org.springframework.jdbc.core.JdbcTemplate.update(JdbcTemplate.java:916) ~[spring-jdbc-5.1.9.RELEASE.jar:5.1.9.RELEASE]
	at org.springframework.jdbc.core.JdbcTemplate.update(JdbcTemplate.java:926) ~[spring-jdbc-5.1.9.RELEASE.jar:5.1.9.RELEASE]
	at com.tianzhao.search.repository.LoadDataLogRepository.insertLog(LoadDataLogRepository.java:28) ~[classes/:na]
	at com.tianzhao.search.repository.LoadDataLogRepository$$FastClassBySpringCGLIB$$f446c0bd.invoke(<generated>) ~[classes/:na]
	at org.springframework.cglib.proxy.MethodProxy.invoke(MethodProxy.java:218) ~[spring-core-5.1.9.RELEASE.jar:5.1.9.RELEASE]
	at org.springframework.aop.framework.CglibAopProxy$CglibMethodInvocation.invokeJoinpoint(CglibAopProxy.java:749) ~[spring-aop-5.1.9.RELEASE.jar:5.1.9.RELEASE]
	at org.springframework.aop.framework.ReflectiveMethodInvocation.proceed(ReflectiveMethodInvocation.java:163) ~[spring-aop-5.1.9.RELEASE.jar:5.1.9.RELEASE]
	at org.springframework.dao.support.PersistenceExceptionTranslationInterceptor.invoke(PersistenceExceptionTranslationInterceptor.java:139) ~[spring-tx-5.1.9.RELEASE.jar:5.1.9.RELEASE]
	at org.springframework.aop.framework.ReflectiveMethodInvocation.proceed(ReflectiveMethodInvocation.java:186) ~[spring-aop-5.1.9.RELEASE.jar:5.1.9.RELEASE]
	at org.springframework.aop.framework.CglibAopProxy$DynamicAdvisedInterceptor.intercept(CglibAopProxy.java:688) ~[spring-aop-5.1.9.RELEASE.jar:5.1.9.RELEASE]
	at com.tianzhao.search.repository.LoadDataLogRepository$$EnhancerBySpringCGLIB$$7147ce18.insertLog(<generated>) ~[classes/:na]
	at com.tianzhao.search.task.LoadDataTask.knowlegeTask(LoadDataTask.java:59) ~[classes/:na]
	at sun.reflect.NativeMethodAccessorImpl.invoke0(Native Method) ~[na:1.8.0_101]
	at sun.reflect.NativeMethodAccessorImpl.invoke(NativeMethodAccessorImpl.java:62) ~[na:1.8.0_101]
	at sun.reflect.DelegatingMethodAccessorImpl.invoke(DelegatingMethodAccessorImpl.java:43) ~[na:1.8.0_101]
	at java.lang.reflect.Method.invoke(Method.java:498) ~[na:1.8.0_101]
	at org.springframework.scheduling.support.ScheduledMethodRunnable.run(ScheduledMethodRunnable.java:84) ~[spring-context-5.1.9.RELEASE.jar:5.1.9.RELEASE]
	at org.springframework.scheduling.support.DelegatingErrorHandlingRunnable.run(DelegatingErrorHandlingRunnable.java:54) ~[spring-context-5.1.9.RELEASE.jar:5.1.9.RELEASE]
	at java.util.concurrent.Executors$RunnableAdapter.call(Executors.java:511) [na:1.8.0_101]
	at java.util.concurrent.FutureTask.runAndReset$$$capture(FutureTask.java:308) [na:1.8.0_101]
	at java.util.concurrent.FutureTask.runAndReset(FutureTask.java) [na:1.8.0_101]
	at java.util.concurrent.ScheduledThreadPoolExecutor$ScheduledFutureTask.access$301(ScheduledThreadPoolExecutor.java:180) [na:1.8.0_101]
	at java.util.concurrent.ScheduledThreadPoolExecutor$ScheduledFutureTask.run(ScheduledThreadPoolExecutor.java:294) [na:1.8.0_101]
	at java.util.concurrent.ThreadPoolExecutor.runWorker(ThreadPoolExecutor.java:1142) [na:1.8.0_101]
	at java.util.concurrent.ThreadPoolExecutor$Worker.run(ThreadPoolExecutor.java:617) [na:1.8.0_101]
	at java.lang.Thread.run(Thread.java:745) [na:1.8.0_101]
Caused by: java.sql.SQLException: 第 1 行, 第 158 列[value]附近出现错误: 
语法分析出错
	at dm.jdbc.dbaccess.DBError.throwSQLException(DBError.java:44) ~[dm-driver-1.7.jar:- 7.1.5.193 - Production]
	at dm.jdbc.dbaccess.Request_Response.resp_checkErr(Request_Response.java:2471) ~[dm-driver-1.7.jar:- 7.1.5.193 - Production]
	at dm.jdbc.dbaccess.Request_Response.resp_prepare(Request_Response.java:683) ~[dm-driver-1.7.jar:- 7.1.5.193 - Production]
	at dm.jdbc.dbaccess.DmdbCSI.prepareSQL(DmdbCSI.java:380) ~[dm-driver-1.7.jar:- 7.1.5.193 - Production]
	at dm.jdbc.driver.DmdbStatement_bs.directExec(DmdbStatement_bs.java:1744) ~[dm-driver-1.7.jar:- 7.1.5.193 - Production]
	at dm.jdbc.driver.DmdbPreparedStatement_bs.initialize(DmdbPreparedStatement_bs.java:246) ~[dm-driver-1.7.jar:- 7.1.5.193 - Production]
	at dm.jdbc.driver.DmdbPreparedStatement_bs.<init>(DmdbPreparedStatement_bs.java:186) ~[dm-driver-1.7.jar:- 7.1.5.193 - Production]
	at dm.jdbc.driver.DmdbConnection_bs.prepareStatement(DmdbConnection_bs.java:1950) ~[dm-driver-1.7.jar:- 7.1.5.193 - Production]
	at dm.jdbc.driver.DmdbConnection_bs.prepareStatement(DmdbConnection_bs.java:694) ~[dm-driver-1.7.jar:- 7.1.5.193 - Production]
	at dm.jdbc.driver.DmdbConnection.do_prepareStatement(DmdbConnection.java:1687) ~[dm-driver-1.7.jar:- 7.1.5.193 - Production]
	at dm.jdbc.filter.FilterChain.Connection_prepareStatement(FilterChain.java:537) ~[dm-driver-1.7.jar:- 7.1.5.193 - Production]
	at dm.jdbc.driver.DmdbConnection.prepareStatement(DmdbConnection.java:198) ~[dm-driver-1.7.jar:- 7.1.5.193 - Production]
	at com.alibaba.druid.pool.DruidPooledConnection.prepareStatement(DruidPooledConnection.java:349) ~[druid-1.1.17.jar:1.1.17]
	at org.springframework.jdbc.core.JdbcTemplate$SimplePreparedStatementCreator.createPreparedStatement(JdbcTemplate.java:1555) ~[spring-jdbc-5.1.9.RELEASE.jar:5.1.9.RELEASE]
	at org.springframework.jdbc.core.JdbcTemplate.execute(JdbcTemplate.java:614) ~[spring-jdbc-5.1.9.RELEASE.jar:5.1.9.RELEASE]
	... 27 common frames omitted

